<?xml version="1.0" encoding="UTF-8"?>
<testng-results ignored="0" total="1" passed="1" failed="0" skipped="0">
  <reporter-output>
  </reporter-output>
  <suite started-at="2024-01-23T11:26:49 IST" name="Default suite" finished-at="2024-01-23T11:26:49 IST" duration-ms="84">
    <groups>
    </groups>
    <test started-at="2024-01-23T11:26:49 IST" name="Default test" finished-at="2024-01-23T11:26:49 IST" duration-ms="84">
      <class name="practice.ReadDatafromCmdLine">
        <test-method signature="readRuntimeData()[pri:0, instance:practice.ReadDatafromCmdLine@4d02f94e]" started-at="2024-01-23T11:26:49 IST" name="readRuntimeData" finished-at="2024-01-23T11:26:49 IST" duration-ms="12" status="PASS">
          <reporter-output>
          </reporter-output>
        </test-method> <!-- readRuntimeData -->
      </class> <!-- practice.ReadDatafromCmdLine -->
    </test> <!-- Default test -->
  </suite> <!-- Default suite -->
</testng-results>
