<?xml version="1.0" encoding="UTF-8"?>
<testng-results ignored="0" total="2" passed="2" failed="0" skipped="0">
  <reporter-output>
  </reporter-output>
  <suite started-at="2024-01-23T14:25:35 IST" name="Default suite" finished-at="2024-01-23T14:26:23 IST" duration-ms="48033">
    <groups>
    </groups>
    <test started-at="2024-01-23T14:25:35 IST" name="Default test" finished-at="2024-01-23T14:26:23 IST" duration-ms="48033">
      <class name="aarohi.ContactTests.TC_01Test">
        <test-method is-config="true" signature="bsconfig()[pri:0, instance:aarohi.ContactTests.TC_01Test@5b03b9fe]" started-at="2024-01-23T14:25:35 IST" name="bsconfig" finished-at="2024-01-23T14:25:35 IST" duration-ms="13" status="PASS">
          <reporter-output>
          </reporter-output>
        </test-method> <!-- bsconfig -->
        <test-method is-config="true" signature="bcConfig()[pri:0, instance:aarohi.ContactTests.TC_01Test@5b03b9fe]" started-at="2024-01-23T14:25:36 IST" name="bcConfig" finished-at="2024-01-23T14:25:51 IST" duration-ms="15237" status="PASS">
          <reporter-output>
          </reporter-output>
        </test-method> <!-- bcConfig -->
        <test-method is-config="true" signature="bfConfig()[pri:0, instance:aarohi.ContactTests.TC_01Test@5b03b9fe]" started-at="2024-01-23T14:25:51 IST" name="bfConfig" finished-at="2024-01-23T14:25:54 IST" duration-ms="3268" status="PASS">
          <reporter-output>
          </reporter-output>
        </test-method> <!-- bfConfig -->
        <test-method signature="TC_01()[pri:0, instance:aarohi.ContactTests.TC_01Test@5b03b9fe]" started-at="2024-01-23T14:25:54 IST" name="TC_01" finished-at="2024-01-23T14:26:10 IST" duration-ms="15622" status="PASS">
          <reporter-output>
          </reporter-output>
        </test-method> <!-- TC_01 -->
        <test-method is-config="true" signature="amConfig()[pri:0, instance:aarohi.ContactTests.TC_01Test@5b03b9fe]" started-at="2024-01-23T14:26:10 IST" name="amConfig" finished-at="2024-01-23T14:26:12 IST" duration-ms="1930" status="PASS">
          <reporter-output>
          </reporter-output>
        </test-method> <!-- amConfig -->
        <test-method is-config="true" signature="bfConfig()[pri:0, instance:aarohi.ContactTests.TC_01Test@5b03b9fe]" started-at="2024-01-23T14:26:12 IST" name="bfConfig" finished-at="2024-01-23T14:26:15 IST" duration-ms="3623" status="PASS">
          <reporter-output>
          </reporter-output>
        </test-method> <!-- bfConfig -->
        <test-method signature="demo()[pri:0, instance:aarohi.ContactTests.TC_01Test@5b03b9fe]" started-at="2024-01-23T14:26:15 IST" name="demo" finished-at="2024-01-23T14:26:15 IST" duration-ms="16" status="PASS">
          <reporter-output>
          </reporter-output>
        </test-method> <!-- demo -->
        <test-method is-config="true" signature="amConfig()[pri:0, instance:aarohi.ContactTests.TC_01Test@5b03b9fe]" started-at="2024-01-23T14:26:15 IST" name="amConfig" finished-at="2024-01-23T14:26:21 IST" duration-ms="5191" status="PASS">
          <reporter-output>
          </reporter-output>
        </test-method> <!-- amConfig -->
        <test-method is-config="true" signature="acConfig()[pri:0, instance:aarohi.ContactTests.TC_01Test@5b03b9fe]" started-at="2024-01-23T14:26:21 IST" name="acConfig" finished-at="2024-01-23T14:26:23 IST" duration-ms="2260" status="PASS">
          <reporter-output>
          </reporter-output>
        </test-method> <!-- acConfig -->
        <test-method is-config="true" signature="asConfig()[pri:0, instance:aarohi.ContactTests.TC_01Test@5b03b9fe]" started-at="2024-01-23T14:26:24 IST" name="asConfig" finished-at="2024-01-23T14:26:24 IST" duration-ms="0" status="PASS">
          <reporter-output>
          </reporter-output>
        </test-method> <!-- asConfig -->
      </class> <!-- aarohi.ContactTests.TC_01Test -->
    </test> <!-- Default test -->
  </suite> <!-- Default suite -->
</testng-results>
